<?xml version="1.0" encoding="UTF-8"?>
<testsuite name="com.example.project.TestSpellChecker" tests="5" skipped="0" failures="0" errors="0" timestamp="2025-02-25T13:43:49" hostname="codespaces-0f50fa" time="0.736">
  <properties/>
  <testcase name="testLinearSearchInList()" classname="com.example.project.TestSpellChecker" time="0.031"/>
  <testcase name="testBinarySearchInList2()" classname="com.example.project.TestSpellChecker" time="0.002"/>
  <testcase name="testBinarySearchNotInList()" classname="com.example.project.TestSpellChecker" time="0.001"/>
  <testcase name="testLinearSearchNotInList()" classname="com.example.project.TestSpellChecker" time="0.012"/>
  <testcase name="testBinarySearchInList()" classname="com.example.project.TestSpellChecker" time="0.001"/>
  <system-out><![CDATA[
dictionary.txt file imported successfully!
-- LINEAR SEARCH: Number of words checked (loop iterations): 44357

dictionary.txt file imported successfully!
-- BINARY SEARCH: Number of words checked (loop iterations): 1

dictionary.txt file imported successfully!
-- BINARY SEARCH: Number of words checked (loop iterations): 17

dictionary.txt file imported successfully!
-- LINEAR SEARCH: Number of words checked (loop iterations): 127143

dictionary.txt file imported successfully!
-- BINARY SEARCH: Number of words checked (loop iterations): 16
]]></system-out>
  <system-err><![CDATA[]]></system-err>
</testsuite>
