<?xml version="1.0" encoding="UTF-8"?>
<testsuite name="com.example.project.TestBinary" tests="7" skipped="0" failures="0" errors="0" timestamp="2025-02-25T13:43:49" hostname="codespaces-0f50fa" time="0.064">
  <properties/>
  <testcase name="testBinarySearch_SingleElementArray_TargetFound()" classname="com.example.project.TestBinary" time="0.026"/>
  <testcase name="testBinarySearch_TargetNotFound()" classname="com.example.project.TestBinary" time="0.017"/>
  <testcase name="testBinarySearch_SingleElementArray_TargetNotFound()" classname="com.example.project.TestBinary" time="0.001"/>
  <testcase name="testBinarySearch_TargetAtEnd()" classname="com.example.project.TestBinary" time="0.001"/>
  <testcase name="testBinarySearch_TargetFound()" classname="com.example.project.TestBinary" time="0.001"/>
  <testcase name="testBinarySearch_EmptyArray()" classname="com.example.project.TestBinary" time="0.001"/>
  <testcase name="testBinarySearch_TargetAtStart()" classname="com.example.project.TestBinary" time="0.002"/>
  <system-out><![CDATA[1 2 3 1 2 3 1 1 2 3 ]]></system-out>
  <system-err><![CDATA[]]></system-err>
</testsuite>
